2025-10-11T09:49:08.060Z - INFO - Starting case count check
2025-10-11T09:49:10.969Z - INFO - Navigating to portal login page
2025-10-11T09:49:16.229Z - INFO - Waiting for login form with "Log in to your account" text
2025-10-11T09:49:22.186Z - ERROR - Login failed: Protocol error (Runtime.callFunctionOn): Target closed
2025-10-11T09:49:22.221Z - ERROR - Failed to login, aborting check
2025-10-11T09:51:05.886Z - INFO - Starting case count check
2025-10-11T09:51:07.421Z - ERROR - Failed to setup browser: socket hang up
2025-10-11T09:51:07.431Z - ERROR - Check failed with error: socket hang up
2025-10-11T09:51:17.530Z - INFO - Starting case count check
2025-10-11T09:51:18.331Z - ERROR - Failed to setup browser: socket hang up
2025-10-11T09:51:18.344Z - ERROR - Check failed with error: socket hang up
2025-10-11T09:52:12.214Z - INFO - Starting case count check
2025-10-11T09:52:13.382Z - ERROR - Failed to setup browser: socket hang up
2025-10-11T09:52:13.396Z - ERROR - Check failed with error: socket hang up
2025-10-11T09:54:09.635Z - INFO - Starting case count check
2025-10-11T09:54:16.530Z - INFO - Navigating to portal login page
2025-10-11T09:54:21.755Z - INFO - Waiting for login form with "Log in to your account" text
2025-10-11T09:54:36.873Z - INFO - Login form loaded, entering credentials
2025-10-11T09:54:36.918Z - INFO - Clicking login button
2025-10-11T09:54:36.921Z - INFO - Waiting 15 seconds for login to process
2025-10-11T09:54:51.923Z - INFO - Waiting for eRad portal to load
2025-10-11T09:54:51.933Z - INFO - Successfully logged in to portal
2025-10-11T09:54:51.935Z - INFO - Starting worklist case count extraction
2025-10-11T09:54:51.935Z - INFO - Opening worklist dropdown
2025-10-11T09:54:53.968Z - INFO - Opening first worklist: A##MY LIST
2025-10-11T09:54:54.005Z - INFO - Clicked A##MY LIST, waiting 15 seconds for data to load
2025-10-11T09:55:09.006Z - INFO - Opening second worklist: CT ASSIGN
2025-10-11T09:55:11.048Z - INFO - Clicked CT ASSIGN, waiting 15 seconds for data to load
2025-10-11T09:55:26.050Z - INFO - Extracting case counts from worklist tabs
2025-10-11T09:55:26.054Z - INFO - A##MY LIST case count: Not found
2025-10-11T09:55:26.054Z - INFO - CT ASSIGN case count: Not found
2025-10-11T09:55:26.055Z - WARNING - Could not extract case counts from either worklist
2025-10-11T09:55:26.055Z - ERROR - Failed to get case count, aborting check
2025-10-11T13:03:43.087Z - INFO - Starting case count check
2025-10-11T13:03:45.472Z - INFO - Navigating to portal login page
2025-10-11T13:03:52.279Z - INFO - Waiting for login form with "Log in to your account" text
2025-10-11T13:04:12.281Z - ERROR - Login failed: Waiting failed: 20000ms exceeded
2025-10-11T13:04:12.282Z - ERROR - Failed to login, aborting check
2025-10-11T13:04:28.022Z - INFO - Starting case count check
2025-10-11T13:04:29.809Z - INFO - Navigating to portal login page
2025-10-11T13:04:36.908Z - INFO - Waiting for login form with "Log in to your account" text
2025-10-11T13:04:57.751Z - INFO - Login form loaded, entering credentials
2025-10-11T13:04:57.797Z - INFO - Clicking login button
2025-10-11T13:04:57.802Z - INFO - Waiting 15 seconds for login to process
2025-10-11T13:05:12.804Z - INFO - Waiting for eRad portal to load
2025-10-11T13:05:12.814Z - INFO - Successfully logged in to portal
2025-10-11T13:05:12.814Z - INFO - Starting worklist case count extraction
2025-10-11T13:05:12.814Z - INFO - Opening worklist dropdown
2025-10-11T13:05:14.844Z - INFO - Opening first worklist: A##MY LIST
2025-10-11T13:05:14.895Z - INFO - Clicked A##MY LIST, waiting 15 seconds for data to load
2025-10-11T13:05:29.897Z - INFO - Counting cases in A##MY LIST
2025-10-11T13:05:29.899Z - INFO - A##MY LIST case count: Not found
2025-10-11T13:05:29.899Z - INFO - Opening second worklist: CT ASSIGN
2025-10-11T13:05:31.953Z - INFO - Clicked CT ASSIGN, waiting 15 seconds for data to load
2025-10-11T13:05:46.955Z - INFO - Counting cases in CT ASSIGN
2025-10-11T13:05:46.957Z - INFO - CT ASSIGN case count: Not found
2025-10-11T13:05:46.960Z - WARNING - Could not extract case counts from either worklist
2025-10-11T13:05:46.960Z - ERROR - Failed to get case count, aborting check
2025-10-11T13:06:14.560Z - INFO - Starting case count check
2025-10-11T13:06:16.100Z - INFO - Navigating to portal login page
2025-10-11T13:06:24.045Z - INFO - Waiting for login form with "Log in to your account" text
2025-10-11T13:06:54.060Z - ERROR - Login failed: Waiting failed: 30000ms exceeded
2025-10-11T13:06:54.062Z - ERROR - Failed to login, aborting check
2025-10-11T13:07:11.340Z - INFO - Starting case count check
2025-10-11T13:07:12.245Z - INFO - Navigating to portal login page
2025-10-11T13:07:20.011Z - INFO - Waiting for login form with "Log in to your account" text
2025-10-11T13:07:37.501Z - INFO - Login form loaded, entering credentials
2025-10-11T13:07:37.608Z - INFO - Clicking login button
2025-10-11T13:07:37.611Z - INFO - Waiting 15 seconds for login to process
2025-10-11T13:07:52.611Z - INFO - Waiting for eRad portal to load
2025-10-11T13:07:52.617Z - INFO - Successfully logged in to portal
2025-10-11T13:07:52.618Z - INFO - Starting worklist case count extraction
2025-10-11T13:07:52.618Z - INFO - Opening worklist dropdown
2025-10-11T13:07:54.640Z - INFO - Opening first worklist: A##MY LIST
2025-10-11T13:07:54.669Z - INFO - Clicked A##MY LIST, waiting 15 seconds for data to load
2025-10-11T13:08:09.670Z - INFO - Counting cases in A##MY LIST
2025-10-11T13:08:09.672Z - INFO - A##MY LIST case count: Not found
2025-10-11T13:08:09.672Z - INFO - Opening second worklist: CT ASSIGN
2025-10-11T13:08:11.711Z - INFO - Clicked CT ASSIGN, waiting 15 seconds for data to load
2025-10-11T13:08:26.712Z - INFO - Counting cases in CT ASSIGN
2025-10-11T13:08:26.714Z - INFO - CT ASSIGN case count: Not found
2025-10-11T13:08:26.714Z - WARNING - Could not extract case counts from either worklist
2025-10-11T13:08:26.714Z - ERROR - Failed to get case count, aborting check
2025-10-11T13:13:09.868Z - INFO - Starting case count check
2025-10-11T13:13:11.322Z - INFO - Navigating to portal login page
2025-10-11T13:13:18.718Z - INFO - Waiting for login form with "Log in to your account" text
2025-10-11T13:13:33.125Z - INFO - Login form loaded, entering credentials
2025-10-11T13:13:33.193Z - INFO - Clicking login button
2025-10-11T13:13:33.197Z - INFO - Waiting 15 seconds for login to process
2025-10-11T13:13:48.197Z - INFO - Waiting for eRad portal to load
2025-10-11T13:13:48.206Z - INFO - Successfully logged in to portal
2025-10-11T13:13:48.207Z - INFO - Starting worklist case count extraction
2025-10-11T13:13:48.207Z - INFO - Opening worklist dropdown
2025-10-11T13:13:50.240Z - INFO - Opening first worklist: A##MY LIST
2025-10-11T13:13:50.277Z - INFO - Clicked A##MY LIST, waiting 15 seconds for data to load
2025-10-11T13:14:05.278Z - INFO - Counting cases in A##MY LIST
2025-10-11T13:14:05.280Z - INFO - A##MY LIST case count: 0
2025-10-11T13:14:05.288Z - INFO - Opening second worklist: CT ASSIGN
2025-10-11T13:14:07.330Z - INFO - Clicked CT ASSIGN, waiting 15 seconds for data to load
2025-10-11T13:14:22.330Z - INFO - Counting cases in CT ASSIGN
2025-10-11T13:14:22.333Z - INFO - CT ASSIGN case count: 0
2025-10-11T13:14:22.334Z - INFO - Current case count: 0
2025-10-11T13:14:22.334Z - INFO - Previous case count: 0
2025-10-11T13:14:22.334Z - INFO - No new cases detected
2025-10-11T13:14:22.336Z - INFO - Check completed successfully
2025-10-11T13:17:10.304Z - INFO - Starting case count check
2025-10-11T13:17:11.812Z - INFO - Navigating to portal login page
2025-10-11T13:17:19.799Z - INFO - Waiting for login form with "Log in to your account" text
2025-10-11T13:17:46.874Z - ERROR - Login failed: Protocol error (Runtime.callFunctionOn): Target closed
2025-10-11T13:17:46.875Z - ERROR - Failed to login, aborting check
2025-10-11T13:25:49.334Z - INFO - Starting case count check
2025-10-11T13:25:50.969Z - INFO - Navigating to portal login page
2025-10-11T13:25:58.716Z - INFO - Waiting for login form with "Log in to your account" text
2025-10-11T13:26:15.076Z - INFO - Login form loaded, entering credentials
2025-10-11T13:26:15.128Z - INFO - Clicking login button
2025-10-11T13:26:15.132Z - INFO - Waiting 15 seconds for login to process
2025-10-11T13:26:30.134Z - INFO - Waiting for eRad portal to load
2025-10-11T13:26:30.145Z - INFO - Successfully logged in to portal
2025-10-11T13:26:30.145Z - INFO - Starting worklist case count extraction
2025-10-11T13:26:32.174Z - INFO - Opening worklist: A##MY LIST
2025-10-11T13:26:32.223Z - INFO - Clicked A##MY LIST, waiting 15 seconds for data to load
2025-10-11T13:26:47.224Z - INFO - Counting cases in A##MY LIST
2025-10-11T13:26:47.227Z - INFO - A##MY LIST case count: 0
2025-10-11T13:26:49.240Z - INFO - Opening worklist: CT ASSIGN
2025-10-11T13:26:49.266Z - INFO - Clicked CT ASSIGN, waiting 15 seconds for data to load
2025-10-11T13:27:04.268Z - INFO - Counting cases in CT ASSIGN
2025-10-11T13:27:04.274Z - INFO - CT ASSIGN case count: 0
2025-10-11T13:27:04.277Z - INFO - Current case count: 0
2025-10-11T13:27:04.278Z - INFO - Previous case count: 0
2025-10-11T13:27:04.278Z - INFO - No new cases detected
2025-10-11T13:27:04.280Z - INFO - Check completed successfully
2025-10-11T13:34:56.644Z - INFO - Starting case count check
2025-10-11T13:34:58.497Z - INFO - Browser launched in local (headed) mode
2025-10-11T13:34:58.498Z - INFO - Navigating to portal login page
2025-10-11T13:35:06.642Z - INFO - Waiting for login form with "Log in to your account" text
2025-10-11T13:35:22.246Z - INFO - Login form loaded, entering credentials
2025-10-11T13:35:22.300Z - INFO - Clicking login button
2025-10-11T13:35:22.303Z - INFO - Waiting 15 seconds for login to process
2025-10-11T13:35:37.304Z - INFO - Waiting for eRad portal to load
2025-10-11T13:35:37.320Z - INFO - Successfully logged in to portal
2025-10-11T13:35:37.321Z - INFO - Starting worklist case count extraction
2025-10-11T13:35:40.538Z - INFO - Opening worklist: A##MY LIST
2025-10-11T13:35:40.584Z - INFO - Clicked A##MY LIST, waiting 15 seconds for data to load
2025-10-11T13:35:55.586Z - INFO - Counting cases in A##MY LIST
2025-10-11T13:35:55.588Z - INFO - A##MY LIST case count: 0
2025-10-11T13:35:57.596Z - INFO - Opening worklist: CT ASSIGN
2025-10-11T13:35:57.642Z - INFO - Clicked CT ASSIGN, waiting 15 seconds for data to load
2025-10-11T13:36:12.644Z - INFO - Counting cases in CT ASSIGN
2025-10-11T13:36:12.647Z - INFO - CT ASSIGN case count: 0
2025-10-11T13:36:12.649Z - INFO - Current case count: 0
2025-10-11T13:36:12.649Z - INFO - Previous case count: 0
2025-10-11T13:36:12.649Z - INFO - No new cases detected
2025-10-11T13:36:12.650Z - INFO - Check completed successfully
2025-10-11T14:00:22.063Z - INFO - Starting case count check
2025-10-11T14:00:23.647Z - INFO - Browser launched in local (headed) mode
2025-10-11T14:00:23.648Z - INFO - Navigating to portal login page
2025-10-11T14:00:30.815Z - INFO - Waiting for login form with "Log in to your account" text
2025-10-11T14:00:42.896Z - INFO - Login form loaded, entering credentials
2025-10-11T14:00:42.972Z - INFO - Clicking login button
2025-10-11T14:00:42.975Z - INFO - Waiting 15 seconds for login to process
2025-10-11T14:00:57.977Z - INFO - Waiting for eRad portal to load
2025-10-11T14:00:57.987Z - INFO - Successfully logged in to portal
2025-10-11T14:00:57.987Z - INFO - Starting worklist case count extraction
2025-10-11T14:01:00.009Z - INFO - Opening worklist: A##MY LIST
2025-10-11T14:01:00.043Z - INFO - Clicked A##MY LIST, waiting 15 seconds for data to load
2025-10-11T14:01:15.046Z - INFO - Counting cases in A##MY LIST
2025-10-11T14:01:15.050Z - INFO - A##MY LIST case count: 0
2025-10-11T14:01:17.062Z - INFO - Opening worklist: CT ASSIGN
2025-10-11T14:01:17.105Z - INFO - Clicked CT ASSIGN, waiting 15 seconds for data to load
2025-10-11T14:01:32.106Z - INFO - Counting cases in CT ASSIGN
2025-10-11T14:01:32.109Z - INFO - CT ASSIGN case count: 0
2025-10-11T14:01:32.110Z - INFO - Current case count: 0
2025-10-11T14:01:32.111Z - INFO -   - A##MY LIST: 0
2025-10-11T14:01:32.111Z - INFO -   - CT ASSIGN: 0
2025-10-11T14:01:32.112Z - INFO - Previous case count: 0
2025-10-11T14:01:32.115Z - INFO - No new cases detected
2025-10-11T14:01:32.118Z - INFO - Saved entry #1 to history
2025-10-11T14:01:32.118Z - INFO - Check completed successfully
2025-10-11T14:02:04.835Z - INFO - Starting case count check
2025-10-11T14:02:05.879Z - INFO - Browser launched in local (headed) mode
2025-10-11T14:02:05.880Z - INFO - Navigating to portal login page
2025-10-11T14:02:12.960Z - INFO - Waiting for login form with "Log in to your account" text
2025-10-11T14:02:27.739Z - INFO - Login form loaded, entering credentials
2025-10-11T14:02:27.779Z - INFO - Clicking login button
2025-10-11T14:02:27.782Z - INFO - Waiting 15 seconds for login to process
2025-10-11T14:02:42.783Z - INFO - Waiting for eRad portal to load
2025-10-11T14:02:42.791Z - INFO - Successfully logged in to portal
2025-10-11T14:02:42.792Z - INFO - Starting worklist case count extraction
2025-10-11T14:02:52.794Z - ERROR - Failed to get case count: Waiting for selector `.FILTER_DOWN` failed: Waiting failed: 10000ms exceeded
2025-10-11T14:02:52.795Z - ERROR - Failed to get case count, aborting check
2025-10-11T14:12:36.359Z - INFO - Starting case count check
2025-10-11T14:12:38.040Z - INFO - Browser launched in local (headed) mode
2025-10-11T14:12:38.042Z - INFO - Navigating to portal login page
2025-10-11T14:12:45.100Z - INFO - Waiting for login form with "Log in to your account" text
2025-10-11T14:12:59.447Z - INFO - Login form loaded, entering credentials
2025-10-11T14:12:59.551Z - INFO - Clicking login button
2025-10-11T14:12:59.554Z - INFO - Waiting 15 seconds for login to process
2025-10-11T14:13:14.557Z - INFO - Waiting for eRad portal to load
2025-10-11T14:13:14.563Z - INFO - Successfully logged in to portal
2025-10-11T14:13:14.563Z - INFO - Starting worklist case count extraction
2025-10-11T14:13:16.585Z - INFO - Opening worklist: A##MY LIST
2025-10-11T14:13:16.618Z - INFO - Clicked A##MY LIST, waiting 15 seconds for data to load
2025-10-11T14:13:31.619Z - INFO - Counting cases in A##MY LIST
2025-10-11T14:13:31.622Z - INFO - A##MY LIST case count: 0
2025-10-11T14:13:33.633Z - INFO - Opening worklist: CT ASSIGN
2025-10-11T14:13:33.686Z - INFO - Clicked CT ASSIGN, waiting 15 seconds for data to load
2025-10-11T14:13:48.687Z - INFO - Counting cases in CT ASSIGN
2025-10-11T14:13:48.689Z - INFO - CT ASSIGN case count: 0
2025-10-11T14:13:48.689Z - INFO - Current case count: 0
2025-10-11T14:13:48.690Z - INFO -   - A##MY LIST: 0
2025-10-11T14:13:48.690Z - INFO -   - CT ASSIGN: 0
2025-10-11T14:13:48.694Z - INFO - Saved entry #2 to history
2025-10-11T14:13:48.694Z - INFO - Check completed successfully
2025-10-12T13:03:08.241Z - INFO - Starting case count check
2025-10-12T13:03:10.824Z - INFO - Browser launched in local (headed) mode
2025-10-12T13:03:10.838Z - INFO - Navigating to portal login page
2025-10-12T13:03:24.787Z - INFO - Waiting for login form with "Log in to your account" text
2025-10-12T13:03:54.792Z - ERROR - Login failed: Waiting failed: 30000ms exceeded
2025-10-12T13:03:54.794Z - ERROR - Failed to login, aborting check
2025-10-12T13:07:10.082Z - INFO - Starting case count check
2025-10-12T13:07:12.093Z - INFO - Browser launched in local (headed) mode
2025-10-12T13:07:12.093Z - INFO - Navigating to portal login page
2025-10-12T13:07:19.700Z - INFO - Waiting for login form with "Log in to your account" text
2025-10-12T13:07:46.022Z - INFO - Login form loaded, entering credentials
2025-10-12T13:07:46.088Z - INFO - Clicking login button
2025-10-12T13:07:46.091Z - INFO - Waiting 15 seconds for login to process
2025-10-12T13:08:01.098Z - INFO - Waiting for eRad portal to load
2025-10-12T13:08:01.117Z - INFO - Successfully logged in to portal
2025-10-12T13:08:01.118Z - INFO - Starting worklist case count extraction
2025-10-12T13:08:03.152Z - INFO - Opening worklist: A##MY LIST
2025-10-12T13:08:03.181Z - INFO - Clicked A##MY LIST, waiting 15 seconds for data to load
2025-10-12T13:08:18.181Z - INFO - Counting cases in A##MY LIST
2025-10-12T13:08:18.184Z - INFO - A##MY LIST case count: 0
2025-10-12T13:08:20.194Z - INFO - Opening worklist: CT ASSIGN
2025-10-12T13:08:20.242Z - INFO - Clicked CT ASSIGN, waiting 15 seconds for data to load
2025-10-12T13:08:35.245Z - INFO - Counting cases in CT ASSIGN
2025-10-12T13:08:35.251Z - INFO - CT ASSIGN case count: 0
2025-10-12T13:08:35.252Z - INFO - Current case count: 0
2025-10-12T13:08:35.252Z - INFO -   - A##MY LIST: 0
2025-10-12T13:08:35.253Z - INFO -   - CT ASSIGN: 0
2025-10-12T13:08:35.257Z - INFO - Created CSV history file with header
2025-10-12T13:08:35.294Z - INFO - Saved to CSV: 12/10/2025, 06:38:35 pm | Total: 0
2025-10-12T13:08:35.294Z - INFO - No cases found, no alert sent
2025-10-12T13:08:35.294Z - INFO - Check completed successfully
2025-10-19T13:29:28.478Z - INFO - Starting case count check
2025-10-19T13:29:34.221Z - INFO - Browser launched in local (headed) mode
2025-10-19T13:29:34.222Z - INFO - Navigating to portal login page
2025-10-19T13:29:46.256Z - INFO - Waiting for login form with "Log in to your account" text
2025-10-19T13:30:16.261Z - ERROR - Login failed: Waiting failed: 30000ms exceeded
2025-10-19T13:30:16.263Z - ERROR - Failed to login, aborting check
